<?xml version="1.0" encoding="UTF-8"?>
<testsuite xmlns:xsi="http://www.w3.org/2001/XMLSchema-instance" xsi:noNamespaceSchemaLocation="https://maven.apache.org/surefire/maven-surefire-plugin/xsd/surefire-test-report.xsd" version="3.0.2" name="TestSuite" time="42.827" tests="5" errors="0" skipped="0" failures="0">
  <properties>
[...]
</properties>
  <testcase name="LoginWithInvalidEmailAndValidPassword" classname="testcases.TestLoginPage" time="2.278">
    <system-err><![CDATA[SLF4J(W): No SLF4J providers were found.
SLF4J(W): Defaulting to no-operation (NOP) logger implementation
SLF4J(W): See https://www.slf4j.org/codes.html#noProviders for further details.
Mar 13, 2025 10:47:51 AM org.openqa.selenium.devtools.CdpVersionFinder findNearestMatch
WARNING: Unable to find an exact match for CDP version 134, returning the closest version; found: 133; Please update to a Selenium version that supports CDP version 134
]]></system-err>
  </testcase>
  <testcase name="LoginWithValidEmailAndInValidPassword" classname="testcases.TestLoginPage" time="1.926"/>
  <testcase name="LoginWithInvalidEmailAndPassword" classname="testcases.TestLoginPage" time="1.6"/>
  <testcase name="LoginWithEmptyMailAndPassword" classname="testcases.TestLoginPage" time="0.857"/>
  <testcase name="LoginWithValidCredentials" classname="testcases.TestLoginPage" time="1.052">
    <system-out><![CDATA[[[ChromeDriver: chrome on windows (4abe478c3edc61785a617af5af4fcec5)] -> xpath: //h2[normalize-space()='Log In']]
]]></system-out>
  </testcase>
</testsuite>